mode: set
github.com/joeyhipolito/via/features/ynab/internal/api/client.go:42.36,44.22 2 1
github.com/joeyhipolito/via/features/ynab/internal/api/client.go:44.22,46.3 1 1
github.com/joeyhipolito/via/features/ynab/internal/api/client.go:47.2,47.21 1 1
github.com/joeyhipolito/via/features/ynab/internal/api/client.go:47.21,49.3 1 1
github.com/joeyhipolito/via/features/ynab/internal/api/client.go:50.2,50.20 1 1
github.com/joeyhipolito/via/features/ynab/internal/api/client.go:50.20,52.3 1 1
github.com/joeyhipolito/via/features/ynab/internal/api/client.go:53.2,53.12 1 1
github.com/joeyhipolito/via/features/ynab/internal/api/client.go:58.47,59.17 1 1
github.com/joeyhipolito/via/features/ynab/internal/api/client.go:59.17,61.3 1 1
github.com/joeyhipolito/via/features/ynab/internal/api/client.go:62.2,62.17 1 1
github.com/joeyhipolito/via/features/ynab/internal/api/client.go:62.17,64.3 1 1
github.com/joeyhipolito/via/features/ynab/internal/api/client.go:66.2,72.8 1 1
github.com/joeyhipolito/via/features/ynab/internal/api/client.go:76.83,80.53 3 1
github.com/joeyhipolito/via/features/ynab/internal/api/client.go:80.53,81.18 1 1
github.com/joeyhipolito/via/features/ynab/internal/api/client.go:81.18,85.4 2 1
github.com/joeyhipolito/via/features/ynab/internal/api/client.go:88.3,90.17 3 1
github.com/joeyhipolito/via/features/ynab/internal/api/client.go:90.17,92.4 1 0
github.com/joeyhipolito/via/features/ynab/internal/api/client.go:95.3,101.17 5 1
github.com/joeyhipolito/via/features/ynab/internal/api/client.go:101.17,103.12 2 0
github.com/joeyhipolito/via/features/ynab/internal/api/client.go:107.3,109.17 3 1
github.com/joeyhipolito/via/features/ynab/internal/api/client.go:109.17,111.12 2 0
github.com/joeyhipolito/via/features/ynab/internal/api/client.go:115.3,115.52 1 1
github.com/joeyhipolito/via/features/ynab/internal/api/client.go:115.52,117.72 2 1
github.com/joeyhipolito/via/features/ynab/internal/api/client.go:117.72,118.58 1 1
github.com/joeyhipolito/via/features/ynab/internal/api/client.go:118.58,120.6 1 1
github.com/joeyhipolito/via/features/ynab/internal/api/client.go:122.4,127.12 3 1
github.com/joeyhipolito/via/features/ynab/internal/api/client.go:131.3,131.54 1 1
github.com/joeyhipolito/via/features/ynab/internal/api/client.go:131.54,140.93 2 1
github.com/joeyhipolito/via/features/ynab/internal/api/client.go:140.93,147.5 1 1
github.com/joeyhipolito/via/features/ynab/internal/api/client.go:150.4,153.5 1 0
github.com/joeyhipolito/via/features/ynab/internal/api/client.go:157.3,157.23 1 1
github.com/joeyhipolito/via/features/ynab/internal/api/client.go:161.2,161.20 1 0
github.com/joeyhipolito/via/features/ynab/internal/api/client.go:161.20,163.3 1 0
github.com/joeyhipolito/via/features/ynab/internal/api/client.go:164.2,164.71 1 0
github.com/joeyhipolito/via/features/ynab/internal/api/client.go:168.55,169.29 1 1
github.com/joeyhipolito/via/features/ynab/internal/api/client.go:169.29,171.3 1 1
github.com/joeyhipolito/via/features/ynab/internal/api/client.go:173.2,174.16 2 1
github.com/joeyhipolito/via/features/ynab/internal/api/client.go:174.16,176.3 1 0
github.com/joeyhipolito/via/features/ynab/internal/api/client.go:178.2,178.23 1 1
github.com/joeyhipolito/via/features/ynab/internal/api/client.go:178.23,180.3 1 0
github.com/joeyhipolito/via/features/ynab/internal/api/client.go:183.2,184.31 2 1
github.com/joeyhipolito/via/features/ynab/internal/api/methods.go:11.50,13.16 2 1
github.com/joeyhipolito/via/features/ynab/internal/api/methods.go:13.16,15.3 1 0
github.com/joeyhipolito/via/features/ynab/internal/api/methods.go:17.2,18.60 2 1
github.com/joeyhipolito/via/features/ynab/internal/api/methods.go:18.60,20.3 1 0
github.com/joeyhipolito/via/features/ynab/internal/api/methods.go:22.2,22.35 1 1
github.com/joeyhipolito/via/features/ynab/internal/api/methods.go:27.89,29.23 2 0
github.com/joeyhipolito/via/features/ynab/internal/api/methods.go:29.23,31.3 1 0
github.com/joeyhipolito/via/features/ynab/internal/api/methods.go:33.2,34.16 2 0
github.com/joeyhipolito/via/features/ynab/internal/api/methods.go:34.16,36.3 1 0
github.com/joeyhipolito/via/features/ynab/internal/api/methods.go:38.2,39.60 2 0
github.com/joeyhipolito/via/features/ynab/internal/api/methods.go:39.60,41.3 1 0
github.com/joeyhipolito/via/features/ynab/internal/api/methods.go:43.2,50.8 1 0
github.com/joeyhipolito/via/features/ynab/internal/api/methods.go:54.75,55.20 1 0
github.com/joeyhipolito/via/features/ynab/internal/api/methods.go:55.20,58.17 3 0
github.com/joeyhipolito/via/features/ynab/internal/api/methods.go:58.17,60.4 1 0
github.com/joeyhipolito/via/features/ynab/internal/api/methods.go:63.2,65.16 3 0
github.com/joeyhipolito/via/features/ynab/internal/api/methods.go:65.16,67.3 1 0
github.com/joeyhipolito/via/features/ynab/internal/api/methods.go:69.2,70.60 2 0
github.com/joeyhipolito/via/features/ynab/internal/api/methods.go:70.60,72.3 1 0
github.com/joeyhipolito/via/features/ynab/internal/api/methods.go:74.2,74.42 1 0
github.com/joeyhipolito/via/features/ynab/internal/api/methods.go:78.124,79.22 1 0
github.com/joeyhipolito/via/features/ynab/internal/api/methods.go:79.22,81.3 1 0
github.com/joeyhipolito/via/features/ynab/internal/api/methods.go:83.2,83.20 1 0
github.com/joeyhipolito/via/features/ynab/internal/api/methods.go:83.20,86.17 3 0
github.com/joeyhipolito/via/features/ynab/internal/api/methods.go:86.17,88.4 1 0
github.com/joeyhipolito/via/features/ynab/internal/api/methods.go:92.2,92.17 1 0
github.com/joeyhipolito/via/features/ynab/internal/api/methods.go:92.17,95.3 2 0
github.com/joeyhipolito/via/features/ynab/internal/api/methods.go:97.2,106.16 4 0
github.com/joeyhipolito/via/features/ynab/internal/api/methods.go:106.16,108.3 1 0
github.com/joeyhipolito/via/features/ynab/internal/api/methods.go:110.2,111.16 2 0
github.com/joeyhipolito/via/features/ynab/internal/api/methods.go:111.16,113.3 1 0
github.com/joeyhipolito/via/features/ynab/internal/api/methods.go:115.2,116.60 2 0
github.com/joeyhipolito/via/features/ynab/internal/api/methods.go:116.60,118.3 1 0
github.com/joeyhipolito/via/features/ynab/internal/api/methods.go:120.2,120.36 1 0
github.com/joeyhipolito/via/features/ynab/internal/api/methods.go:124.67,125.20 1 0
github.com/joeyhipolito/via/features/ynab/internal/api/methods.go:125.20,128.17 3 0
github.com/joeyhipolito/via/features/ynab/internal/api/methods.go:128.17,130.4 1 0
github.com/joeyhipolito/via/features/ynab/internal/api/methods.go:133.2,135.16 3 0
github.com/joeyhipolito/via/features/ynab/internal/api/methods.go:135.16,137.3 1 0
github.com/joeyhipolito/via/features/ynab/internal/api/methods.go:139.2,140.60 2 0
github.com/joeyhipolito/via/features/ynab/internal/api/methods.go:140.60,142.3 1 0
github.com/joeyhipolito/via/features/ynab/internal/api/methods.go:144.2,144.36 1 0
github.com/joeyhipolito/via/features/ynab/internal/api/methods.go:148.83,149.39 1 0
github.com/joeyhipolito/via/features/ynab/internal/api/methods.go:149.39,151.3 1 0
github.com/joeyhipolito/via/features/ynab/internal/api/methods.go:153.2,154.20 2 0
github.com/joeyhipolito/via/features/ynab/internal/api/methods.go:154.20,157.17 3 0
github.com/joeyhipolito/via/features/ynab/internal/api/methods.go:157.17,159.4 1 0
github.com/joeyhipolito/via/features/ynab/internal/api/methods.go:162.2,173.25 3 0
github.com/joeyhipolito/via/features/ynab/internal/api/methods.go:173.25,175.3 1 0
github.com/joeyhipolito/via/features/ynab/internal/api/methods.go:176.2,176.26 1 0
github.com/joeyhipolito/via/features/ynab/internal/api/methods.go:176.26,178.3 1 0
github.com/joeyhipolito/via/features/ynab/internal/api/methods.go:179.2,179.20 1 0
github.com/joeyhipolito/via/features/ynab/internal/api/methods.go:179.20,181.3 1 0
github.com/joeyhipolito/via/features/ynab/internal/api/methods.go:183.2,188.16 3 0
github.com/joeyhipolito/via/features/ynab/internal/api/methods.go:188.16,190.3 1 0
github.com/joeyhipolito/via/features/ynab/internal/api/methods.go:192.2,193.16 2 0
github.com/joeyhipolito/via/features/ynab/internal/api/methods.go:193.16,195.3 1 0
github.com/joeyhipolito/via/features/ynab/internal/api/methods.go:197.2,198.60 2 0
github.com/joeyhipolito/via/features/ynab/internal/api/methods.go:198.60,200.3 1 0
github.com/joeyhipolito/via/features/ynab/internal/api/methods.go:202.2,202.39 1 0
github.com/joeyhipolito/via/features/ynab/internal/api/methods.go:219.47,220.23 1 1
github.com/joeyhipolito/via/features/ynab/internal/api/methods.go:220.23,222.3 1 1
github.com/joeyhipolito/via/features/ynab/internal/api/methods.go:223.2,223.18 1 1
github.com/joeyhipolito/via/features/ynab/internal/api/methods.go:223.18,225.3 1 1
github.com/joeyhipolito/via/features/ynab/internal/api/methods.go:226.2,226.21 1 1
github.com/joeyhipolito/via/features/ynab/internal/api/methods.go:226.21,228.3 1 1
github.com/joeyhipolito/via/features/ynab/internal/api/methods.go:230.2,230.12 1 1
